[debug] [2018-07-12T15:31:05.724Z] ----------------------------------------------------------------------
[debug] [2018-07-12T15:31:05.726Z] Command:       /usr/local/Cellar/node/8.1.4/bin/node /usr/local/bin/firebase deploy --only functions
[debug] [2018-07-12T15:31:05.726Z] CLI Version:   3.19.3
[debug] [2018-07-12T15:31:05.726Z] Platform:      darwin
[debug] [2018-07-12T15:31:05.726Z] Node Version:  v8.11.1
[debug] [2018-07-12T15:31:05.727Z] Time:          Thu Jul 12 2018 16:31:05 GMT+0100 (WAT)
[debug] [2018-07-12T15:31:05.727Z] ----------------------------------------------------------------------
[debug] 
[debug] [2018-07-12T15:31:05.740Z] > command requires scopes: ["email","openid","https://www.googleapis.com/auth/cloudplatformprojects.readonly","https://www.googleapis.com/auth/firebase","https://www.googleapis.com/auth/cloud-platform"]
[debug] [2018-07-12T15:31:05.740Z] > authorizing via signed-in user
[debug] [2018-07-12T15:31:05.742Z] >>> HTTP REQUEST GET https://admin.firebase.com/v1/projects/tailormade-debug  
  
 Thu Jul 12 2018 16:31:05 GMT+0100 (WAT)
[debug] [2018-07-12T15:31:08.630Z] <<< HTTP RESPONSE 200
[debug] [2018-07-12T15:31:08.630Z] >>> HTTP REQUEST GET https://admin.firebase.com/v1/database/tailormade-debug/tokens  
  
 Thu Jul 12 2018 16:31:08 GMT+0100 (WAT)
[debug] [2018-07-12T15:31:10.536Z] <<< HTTP RESPONSE 200
[info] 
[info] === Deploying to 'tailormade-debug'...
[info] 
[info] i  deploying functions
[info] Running command: npm --prefix "$RESOURCE_DIR" run lint
[info] Running command: npm --prefix "$RESOURCE_DIR" run build
[debug] [2018-07-12T15:36:17.982Z] ----------------------------------------------------------------------
[debug] [2018-07-12T15:36:17.986Z] Command:       /usr/local/Cellar/node/8.1.4/bin/node /usr/local/bin/firebase deploy --only functions
[debug] [2018-07-12T15:36:17.987Z] CLI Version:   3.19.3
[debug] [2018-07-12T15:36:17.987Z] Platform:      darwin
[debug] [2018-07-12T15:36:17.987Z] Node Version:  v8.11.1
[debug] [2018-07-12T15:36:17.988Z] Time:          Thu Jul 12 2018 16:36:17 GMT+0100 (WAT)
[debug] [2018-07-12T15:36:17.988Z] ----------------------------------------------------------------------
[debug] 
[debug] [2018-07-12T15:36:18.049Z] > command requires scopes: ["email","openid","https://www.googleapis.com/auth/cloudplatformprojects.readonly","https://www.googleapis.com/auth/firebase","https://www.googleapis.com/auth/cloud-platform"]
[debug] [2018-07-12T15:36:18.049Z] > authorizing via signed-in user
[debug] [2018-07-12T15:36:18.054Z] >>> HTTP REQUEST GET https://admin.firebase.com/v1/projects/tailormade-debug  
  
 Thu Jul 12 2018 16:36:18 GMT+0100 (WAT)
[debug] [2018-07-12T15:36:21.420Z] <<< HTTP RESPONSE 200
[debug] [2018-07-12T15:36:21.422Z] >>> HTTP REQUEST GET https://admin.firebase.com/v1/database/tailormade-debug/tokens  
  
 Thu Jul 12 2018 16:36:21 GMT+0100 (WAT)
[debug] [2018-07-12T15:36:22.900Z] <<< HTTP RESPONSE 200
[info] 
[info] === Deploying to 'tailormade-debug'...
[info] 
[info] i  deploying functions
[info] Running command: npm --prefix "$RESOURCE_DIR" run lint
[info] Running command: npm --prefix "$RESOURCE_DIR" run build
[info] ✔  functions: Finished running predeploy script.
[debug] [2018-07-12T15:36:45.921Z] > [functions] package.json contents: {
  "name": "functions",
  "scripts": {
    "lint": "tslint --project tsconfig.json",
    "build": "tsc",
    "serve": "npm run build && firebase serve --only functions",
    "shell": "npm run build && firebase functions:shell",
    "start": "npm run shell",
    "deploy": "firebase deploy --only functions",
    "logs": "firebase functions:log"
  },
  "main": "lib/index.js",
  "dependencies": {
    "firebase-admin": "~5.12.1",
    "firebase-functions": "^1.0.3"
  },
  "devDependencies": {
    "tslint": "^5.8.0",
    "typescript": "^2.5.3"
  },
  "private": true
}
[info] i  functions: ensuring necessary APIs are enabled...
[debug] [2018-07-12T15:36:45.923Z] >>> HTTP REQUEST GET https://servicemanagement.googleapis.com/v1/services/cloudfunctions.googleapis.com/projectSettings/tailormade-debug?view=CONSUMER_VIEW  
  
 Thu Jul 12 2018 16:36:45 GMT+0100 (WAT)
[debug] [2018-07-12T15:36:45.924Z] >>> HTTP REQUEST GET https://servicemanagement.googleapis.com/v1/services/runtimeconfig.googleapis.com/projectSettings/tailormade-debug?view=CONSUMER_VIEW  
  
 Thu Jul 12 2018 16:36:45 GMT+0100 (WAT)
[debug] [2018-07-12T15:36:49.438Z] <<< HTTP RESPONSE 200
[info] ✔  functions: all necessary APIs are enabled
[debug] [2018-07-12T15:36:50.709Z] <<< HTTP RESPONSE 200
[debug] [2018-07-12T15:36:50.711Z] >>> HTTP REQUEST GET https://cloudresourcemanager.googleapis.com/v1/projects/tailormade-debug  
  
 Thu Jul 12 2018 16:36:50 GMT+0100 (WAT)
[debug] [2018-07-12T15:36:53.029Z] <<< HTTP RESPONSE 200
[debug] [2018-07-12T15:36:53.030Z] >>> HTTP REQUEST GET https://mobilesdk-pa.googleapis.com/v1/projects/825955979349:getServerAppConfig  
  
 Thu Jul 12 2018 16:36:53 GMT+0100 (WAT)
[debug] [2018-07-12T15:36:55.263Z] <<< HTTP RESPONSE 200
[info] i  functions: preparing functions directory for uploading...
[debug] [2018-07-12T15:36:55.265Z] >>> HTTP REQUEST GET https://runtimeconfig.googleapis.com/v1beta1/projects/tailormade-debug/configs  
  
 Thu Jul 12 2018 16:36:55 GMT+0100 (WAT)
[debug] [2018-07-12T15:36:57.556Z] <<< HTTP RESPONSE 200
